<?xml version="1.0" encoding="UTF-8"?>
<!-- Generated by org.testng.reporters.JUnitXMLReporter -->
<testsuite ignored="0" hostname="Swapnils-MacBook-Pro-2.local" failures="0" tests="7" name="Default test" time="6.273" errors="0" timestamp="2026-04-20T18:19:39 IST">
  <testcase classname="api.tests.ProductTests" name="testGetAllProducts" time="2.33"/>
  <testcase classname="api.tests.ProductTests" name="testGetProductById" time="0.981"/>
  <testcase classname="api.tests.ProductTests" name="testGetProductById" time="0.594"/>
  <testcase classname="api.tests.ProductTests" name="testGetProductById" time="0.607"/>
  <testcase classname="api.tests.ProductTests" name="testPostProduct" time="0.619"/>
  <testcase classname="api.tests.ProductTests" name="testUpdateProduct" time="0.55"/>
  <testcase classname="api.tests.ProductTests" name="testDeleteProduct" time="0.55"/>
</testsuite> <!-- Default test -->
