<?xml version="1.0" encoding="UTF-8"?>
<!-- Generated by org.testng.reporters.JUnitReportReporter -->
<testsuite hostname="Swapnils-MacBook-Pro-2.local" failures="0" tests="7" name="api.tests.ProductTests" time="6.231" errors="0" timestamp="2026-04-20T18:19:39 IST" skipped="0">
  <testcase classname="api.tests.ProductTests" name="testGetAllProducts" time="2.330"/>
  <system-out/>
  <testcase classname="api.tests.ProductTests" name="testGetProductById" time="0.594"/>
  <system-out/>
  <testcase classname="api.tests.ProductTests" name="testGetProductById" time="0.607"/>
  <system-out/>
  <testcase classname="api.tests.ProductTests" name="testGetProductById" time="0.981"/>
  <system-out/>
  <testcase classname="api.tests.ProductTests" name="testPostProduct" time="0.619"/>
  <system-out/>
  <testcase classname="api.tests.ProductTests" name="testUpdateProduct" time="0.550"/>
  <system-out/>
  <testcase classname="api.tests.ProductTests" name="testDeleteProduct" time="0.550"/>
  <system-out/>
</testsuite> <!-- api.tests.ProductTests -->
